<?xml version="1.0" encoding="UTF-8"?>
<!-- Generated by org.testng.reporters.JUnitReportReporter -->
<testsuite hostname="PEARSON" name="com.cts.jenkins.Sample" tests="1" failures="0" timestamp="24 Aug 2016 08:47:54 GMT" time="12.129" errors="0">
  <testcase name="testMethod" time="12.129" classname="com.cts.jenkins.Sample"/>
</testsuite> <!-- com.cts.jenkins.Sample -->
