<?xml version="1.0" encoding="UTF-8"?>
<!-- Generated by org.testng.reporters.JUnitReportReporter -->
<testsuite hostname="PEARSON" name="com.cts.jenkins.Sample" tests="1" failures="0" timestamp="18 Aug 2016 07:28:24 GMT" time="7.826" errors="0">
  <testcase name="testMethod" time="7.826" classname="com.cts.jenkins.Sample"/>
</testsuite> <!-- com.cts.jenkins.Sample -->
