<?xml version="1.0" encoding="UTF-8"?>
<!-- Generated by org.testng.reporters.JUnitReportReporter -->
<testsuite hostname="PEARSON" name="com.cts.jenkins.Sample" tests="1" failures="0" timestamp="25 Aug 2016 09:26:07 GMT" time="27.424" errors="0">
  <testcase name="testMethod" time="27.424" classname="com.cts.jenkins.Sample"/>
</testsuite> <!-- com.cts.jenkins.Sample -->
