<?xml version="1.0" encoding="UTF-8"?>
<!-- Generated by org.testng.reporters.JUnitReportReporter -->
<testsuite hostname="PEARSON" name="com.cts.jenkins.Sample" tests="1" failures="0" timestamp="16 Aug 2016 14:38:19 GMT" time="6.361" errors="0">
  <testcase name="testMethod" time="6.361" classname="com.cts.jenkins.Sample"/>
</testsuite> <!-- com.cts.jenkins.Sample -->
