<?xml version="1.0" encoding="UTF-8"?>
<!-- Generated by org.testng.reporters.JUnitReportReporter -->
<testsuite hostname="PEARSON" name="com.cts.jenkins.Sample" tests="1" failures="0" timestamp="25 Aug 2016 09:12:36 GMT" time="35.076" errors="0">
  <testcase name="testMethod" time="35.076" classname="com.cts.jenkins.Sample"/>
</testsuite> <!-- com.cts.jenkins.Sample -->
